TN:
SF:src/middleware/auth.ts
FN:11,verifyAccessToken
FNF:1
FNH:1
FNDA:108,verifyAccessToken
DA:2,10
DA:3,10
DA:11,10
DA:12,108
DA:13,108
DA:14,13
DA:15,13
DA:18,95
DA:19,95
DA:20,95
DA:21,90
DA:22,90
DA:24,5
LF:13
LH:13
BRDA:13,0,0,13
BRF:1
BRH:1
end_of_record
TN:
SF:src/middleware/errorHandler.ts
FN:5,errorHandler
FN:32,createError
FNF:2
FNH:2
FNDA:59,errorHandler
FNDA:48,createError
DA:2,10
DA:3,10
DA:5,10
DA:6,59
DA:7,13
DA:8,13
DA:11,46
DA:12,4
DA:13,2
DA:14,2
DA:16,2
DA:17,2
DA:18,2
DA:22,42
DA:23,39
DA:24,39
DA:25,39
DA:28,3
DA:29,3
DA:32,10
DA:33,48
DA:34,48
DA:35,48
LF:23
LH:23
BRDA:6,0,0,13
BRDA:11,1,0,4
BRDA:12,2,0,2
BRDA:16,3,0,2
BRDA:22,4,0,39
BRDA:22,5,0,42
BRDA:22,5,1,41
BRF:7
BRH:7
end_of_record
TN:
SF:src/middleware/roles.ts
FN:10,requireRole
FN:11,(anonymous_1)
FNF:2
FNH:2
FNDA:11,requireRole
FNDA:20,(anonymous_1)
DA:4,3
DA:10,3
DA:11,11
DA:12,20
DA:13,1
DA:14,1
DA:16,19
DA:17,7
DA:18,7
DA:20,12
LF:10
LH:10
BRDA:12,0,0,1
BRDA:16,1,0,7
BRF:2
BRH:2
end_of_record
TN:
SF:src/routes/ai.ts
FN:13,(anonymous_0)
FN:65,(anonymous_1)
FNF:2
FNH:0
FNDA:0,(anonymous_0)
FNDA:0,(anonymous_1)
DA:1,0
DA:2,0
DA:3,0
DA:4,0
DA:5,0
DA:6,0
DA:7,0
DA:9,0
DA:10,0
DA:13,0
DA:14,0
DA:21,0
DA:22,0
DA:24,0
DA:28,0
DA:29,0
DA:30,0
DA:31,0
DA:32,0
DA:34,0
DA:35,0
DA:44,0
DA:55,0
DA:57,0
DA:58,0
DA:60,0
DA:65,0
DA:66,0
DA:67,0
DA:76,0
DA:79,0
LF:31
LH:0
BRDA:21,0,0,0
BRDA:21,0,1,0
BRDA:22,1,0,0
BRDA:24,2,0,0
BRDA:46,3,0,0
BRDA:46,3,1,0
BRDA:47,4,0,0
BRDA:47,4,1,0
BRDA:57,5,0,0
BRDA:57,5,1,0
BRDA:69,6,0,0
BRDA:69,6,1,0
BRDA:70,7,0,0
BRDA:70,7,1,0
BRF:14
BRH:0
end_of_record
TN:
SF:src/routes/auth.ts
FN:19,(anonymous_1)
FN:35,(anonymous_2)
FN:45,(anonymous_3)
FN:53,(anonymous_4)
FN:63,(anonymous_5)
FN:110,(anonymous_6)
FN:126,(anonymous_7)
FN:170,(anonymous_8)
FNF:8
FNH:5
FNDA:4,(anonymous_1)
FNDA:3,(anonymous_2)
FNDA:2,(anonymous_3)
FNDA:2,(anonymous_4)
FNDA:4,(anonymous_5)
FNDA:0,(anonymous_6)
FNDA:0,(anonymous_7)
FNDA:0,(anonymous_8)
DA:1,1
DA:2,1
DA:3,1
DA:4,1
DA:5,1
DA:6,1
DA:10,1
DA:11,1
DA:13,1
DA:15,1
DA:16,1
DA:19,1
DA:20,4
DA:21,3
DA:22,3
DA:23,1
DA:25,2
DA:26,1
DA:28,1
DA:29,1
DA:30,1
DA:31,1
DA:35,1
DA:36,3
DA:37,3
DA:38,2
DA:39,2
DA:40,1
DA:41,1
DA:45,1
DA:46,2
DA:47,2
DA:48,2
DA:49,2
DA:53,1
DA:54,2
DA:58,2
DA:59,1
DA:63,1
DA:64,4
DA:70,2
DA:75,2
DA:76,1
DA:79,1
DA:81,1
DA:90,1
DA:91,0
DA:96,1
DA:101,1
DA:102,1
DA:103,1
DA:104,1
DA:110,1
DA:111,0
DA:112,0
DA:114,0
DA:115,0
DA:116,0
DA:122,0
DA:126,1
DA:127,0
DA:128,0
DA:129,0
DA:131,0
DA:132,0
DA:134,0
DA:135,0
DA:139,0
DA:149,0
DA:150,0
DA:151,0
DA:153,0
DA:156,0
DA:159,0
DA:164,0
DA:165,0
DA:166,0
DA:169,0
DA:170,0
DA:172,0
DA:173,0
DA:177,0
DA:178,0
DA:179,0
DA:183,0
DA:184,0
DA:188,0
DA:197,0
DA:198,0
DA:199,0
DA:200,0
DA:203,1
LF:92
LH:54
BRDA:22,0,0,1
BRDA:22,1,0,3
BRDA:22,1,1,2
BRDA:25,2,0,1
BRDA:37,3,0,1
BRDA:39,4,0,1
BRDA:47,5,0,1
BRDA:58,6,0,1
BRDA:75,7,0,1
BRDA:75,8,0,2
BRDA:75,8,1,2
BRDA:75,8,2,2
BRDA:83,9,0,1
BRDA:83,9,1,0
BRDA:90,10,0,0
BRDA:111,11,0,0
BRDA:111,12,0,0
BRDA:111,12,1,0
BRDA:131,13,0,0
BRDA:131,14,0,0
BRDA:131,14,1,0
BRDA:134,15,0,0
BRDA:150,16,0,0
BRDA:164,17,0,0
BRDA:164,17,1,0
BRDA:165,18,0,0
BRDA:170,19,0,0
BRDA:170,19,1,0
BRDA:170,19,2,0
BRDA:170,20,0,0
BRDA:170,20,1,0
BRDA:172,21,0,0
BRDA:178,22,0,0
BRDA:183,23,0,0
BRDA:193,24,0,0
BRDA:193,24,1,0
BRDA:193,24,2,0
BRF:37
BRH:13
end_of_record
TN:
SF:src/routes/dashboard.ts
FN:27,toCard
FN:56,(anonymous_1)
FN:65,(anonymous_2)
FN:76,(anonymous_3)
FN:92,(anonymous_4)
FNF:5
FNH:4
FNDA:5,toCard
FNDA:0,(anonymous_1)
FNDA:2,(anonymous_2)
FNDA:2,(anonymous_3)
FNDA:3,(anonymous_4)
DA:1,1
DA:2,1
DA:3,1
DA:4,1
DA:5,1
DA:7,1
DA:8,1
DA:11,1
DA:28,5
DA:56,0
DA:65,1
DA:66,2
DA:72,2
DA:76,1
DA:77,2
DA:88,2
DA:92,1
DA:93,3
DA:96,3
DA:99,3
DA:101,2
DA:112,2
DA:115,1
LF:23
LH:22
BRDA:53,0,0,0
BRDA:53,0,1,5
BRDA:56,1,0,5
BRDA:56,1,1,5
BRDA:99,2,0,1
BRDA:99,3,0,3
BRDA:99,3,1,2
BRF:7
BRH:6
end_of_record
TN:
SF:src/routes/docs.ts
FN:20,(anonymous_10)
FN:47,(anonymous_11)
FN:51,(anonymous_12)
FN:80,(anonymous_13)
FN:85,(anonymous_14)
FN:85,(anonymous_15)
FN:108,(anonymous_16)
FN:139,(anonymous_17)
FN:166,(anonymous_18)
FN:193,(anonymous_19)
FN:207,(anonymous_20)
FN:233,(anonymous_21)
FN:241,(anonymous_22)
FN:255,(anonymous_23)
FN:291,(anonymous_24)
FN:321,(anonymous_25)
FN:324,(anonymous_26)
FN:359,(anonymous_27)
FN:373,buildRepoContext
FNF:19
FNH:0
FNDA:0,(anonymous_10)
FNDA:0,(anonymous_11)
FNDA:0,(anonymous_12)
FNDA:0,(anonymous_13)
FNDA:0,(anonymous_14)
FNDA:0,(anonymous_15)
FNDA:0,(anonymous_16)
FNDA:0,(anonymous_17)
FNDA:0,(anonymous_18)
FNDA:0,(anonymous_19)
FNDA:0,(anonymous_20)
FNDA:0,(anonymous_21)
FNDA:0,(anonymous_22)
FNDA:0,(anonymous_23)
FNDA:0,(anonymous_24)
FNDA:0,(anonymous_25)
FNDA:0,(anonymous_26)
FNDA:0,(anonymous_27)
FNDA:0,buildRepoContext
DA:1,0
DA:2,0
DA:3,0
DA:4,0
DA:5,0
DA:6,0
DA:7,0
DA:8,0
DA:9,0
DA:10,0
DA:11,0
DA:12,0
DA:14,0
DA:15,0
DA:17,0
DA:22,0
DA:25,0
DA:31,0
DA:47,0
DA:51,0
DA:52,0
DA:53,0
DA:54,0
DA:55,0
DA:56,0
DA:58,0
DA:60,0
DA:74,0
DA:75,0
DA:76,0
DA:77,0
DA:80,0
DA:81,0
DA:85,0
DA:86,0
DA:89,0
DA:97,0
DA:98,0
DA:99,0
DA:100,0
DA:103,0
DA:108,0
DA:109,0
DA:111,0
DA:112,0
DA:114,0
DA:121,0
DA:133,0
DA:134,0
DA:139,0
DA:140,0
DA:148,0
DA:160,0
DA:161,0
DA:166,0
DA:167,0
DA:168,0
DA:170,0
DA:187,0
DA:188,0
DA:193,0
DA:194,0
DA:195,0
DA:197,0
DA:198,0
DA:200,0
DA:201,0
DA:202,0
DA:207,0
DA:208,0
DA:209,0
DA:211,0
DA:218,0
DA:229,0
DA:231,0
DA:232,0
DA:233,0
DA:236,0
DA:241,0
DA:242,0
DA:243,0
DA:244,0
DA:246,0
DA:247,0
DA:249,0
DA:250,0
DA:255,0
DA:256,0
DA:257,0
DA:259,0
DA:261,0
DA:262,0
DA:263,0
DA:264,0
DA:265,0
DA:267,0
DA:268,0
DA:270,0
DA:280,0
DA:282,0
DA:283,0
DA:285,0
DA:291,0
DA:292,0
DA:293,0
DA:295,0
DA:302,0
DA:303,0
DA:305,0
DA:306,0
DA:309,0
DA:313,0
DA:315,0
DA:320,0
DA:321,0
DA:323,0
DA:324,0
DA:327,0
DA:328,0
DA:331,0
DA:333,0
DA:334,0
DA:335,0
DA:336,0
DA:337,0
DA:339,0
DA:340,0
DA:341,0
DA:345,0
DA:358,0
DA:359,0
DA:362,0
DA:364,0
DA:365,0
DA:367,0
DA:374,0
DA:376,0
DA:377,0
DA:378,0
DA:379,0
DA:380,0
DA:381,0
DA:383,0
DA:386,0
DA:387,0
DA:388,0
DA:389,0
DA:393,0
DA:396,0
LF:149
LH:0
BRDA:22,0,0,0
BRDA:22,0,1,0
BRDA:22,0,2,0
BRDA:47,1,0,0
BRDA:47,1,1,0
BRDA:52,2,0,0
BRDA:52,2,1,0
BRDA:53,3,0,0
BRDA:53,3,1,0
BRDA:54,4,0,0
BRDA:54,4,1,0
BRDA:58,5,0,0
BRDA:58,6,0,0
BRDA:58,6,1,0
BRDA:66,7,0,0
BRDA:66,7,1,0
BRDA:76,8,0,0
BRDA:77,9,0,0
BRDA:90,10,0,0
BRDA:90,10,1,0
BRDA:99,11,0,0
BRDA:100,12,0,0
BRDA:109,13,0,0
BRDA:123,14,0,0
BRDA:123,14,1,0
BRDA:127,15,0,0
BRDA:127,15,1,0
BRDA:128,16,0,0
BRDA:128,16,1,0
BRDA:154,17,0,0
BRDA:154,17,1,0
BRDA:155,18,0,0
BRDA:155,18,1,0
BRDA:160,19,0,0
BRDA:168,20,0,0
BRDA:187,21,0,0
BRDA:195,22,0,0
BRDA:198,23,0,0
BRDA:201,24,0,0
BRDA:209,25,0,0
BRDA:221,26,0,0
BRDA:221,26,1,0
BRDA:222,27,0,0
BRDA:222,27,1,0
BRDA:223,28,0,0
BRDA:223,28,1,0
BRDA:224,29,0,0
BRDA:224,29,1,0
BRDA:229,30,0,0
BRDA:231,31,0,0
BRDA:244,32,0,0
BRDA:246,33,0,0
BRDA:246,33,1,0
BRDA:247,34,0,0
BRDA:257,35,0,0
BRDA:282,36,0,0
BRDA:282,36,1,0
BRDA:293,37,0,0
BRDA:302,38,0,0
BRDA:303,39,0,0
BRDA:306,40,0,0
BRDA:306,40,1,0
BRDA:313,41,0,0
BRDA:313,41,1,0
BRDA:321,42,0,0
BRDA:321,42,1,0
BRDA:324,43,0,0
BRDA:324,43,1,0
BRDA:327,44,0,0
BRDA:327,45,0,0
BRDA:327,45,1,0
BRDA:358,46,0,0
BRDA:364,47,0,0
BRDA:364,47,1,0
BRDA:376,48,0,0
BRDA:379,49,0,0
BRDA:379,49,1,0
BRDA:380,50,0,0
BRDA:380,50,1,0
BRDA:386,51,0,0
BRF:80
BRH:0
end_of_record
TN:
SF:src/routes/events.ts
FN:11,(anonymous_1)
FN:35,(anonymous_2)
FN:46,(anonymous_3)
FNF:3
FNH:0
FNDA:0,(anonymous_1)
FNDA:0,(anonymous_2)
FNDA:0,(anonymous_3)
DA:1,0
DA:2,0
DA:3,0
DA:4,0
DA:7,0
DA:11,0
DA:12,0
DA:13,0
DA:14,0
DA:15,0
DA:19,0
DA:20,0
DA:22,0
DA:23,0
DA:26,0
DA:27,0
DA:28,0
DA:29,0
DA:30,0
DA:32,0
DA:35,0
DA:36,0
DA:37,0
DA:39,0
DA:44,0
DA:46,0
DA:47,0
DA:48,0
DA:52,0
LF:29
LH:0
BRDA:13,0,0,0
BRF:1
BRH:0
end_of_record
TN:
SF:src/routes/github.ts
FN:14,resolveToken
FN:25,(anonymous_10)
FN:27,(anonymous_11)
FN:33,(anonymous_12)
FN:40,(anonymous_13)
FN:47,(anonymous_14)
FNF:6
FNH:6
FNDA:7,resolveToken
FNDA:3,(anonymous_10)
FNDA:1,(anonymous_11)
FNDA:2,(anonymous_12)
FNDA:1,(anonymous_13)
FNDA:1,(anonymous_14)
DA:1,1
DA:2,1
DA:3,1
DA:4,1
DA:5,1
DA:7,1
DA:8,1
DA:15,7
DA:19,7
DA:21,6
DA:22,6
DA:25,1
DA:26,3
DA:27,3
DA:28,1
DA:30,2
DA:33,1
DA:34,2
DA:35,2
DA:36,2
DA:37,2
DA:40,1
DA:41,1
DA:42,1
DA:43,1
DA:44,1
DA:47,1
DA:48,1
DA:49,1
DA:50,1
DA:51,1
DA:54,1
LF:32
LH:32
BRDA:19,0,0,1
BRDA:22,1,0,6
BRDA:22,1,1,6
BRDA:35,2,0,2
BRDA:35,2,1,1
BRDA:42,3,0,1
BRDA:42,3,1,1
BRDA:49,4,0,1
BRDA:49,4,1,1
BRF:9
BRH:9
end_of_record
TN:
SF:src/routes/internal.ts
FN:15,(anonymous_0)
FN:47,(anonymous_1)
FN:68,(anonymous_2)
FN:85,(anonymous_3)
FN:86,(anonymous_4)
FN:111,(anonymous_5)
FN:115,(anonymous_6)
FN:123,(anonymous_7)
FN:129,mapStatus
FNF:9
FNH:0
FNDA:0,(anonymous_0)
FNDA:0,(anonymous_1)
FNDA:0,(anonymous_2)
FNDA:0,(anonymous_3)
FNDA:0,(anonymous_4)
FNDA:0,(anonymous_5)
FNDA:0,(anonymous_6)
FNDA:0,(anonymous_7)
FNDA:0,mapStatus
DA:5,0
DA:7,0
DA:8,0
DA:9,0
DA:10,0
DA:12,0
DA:15,0
DA:16,0
DA:17,0
DA:19,0
DA:47,0
DA:48,0
DA:49,0
DA:51,0
DA:60,0
DA:61,0
DA:62,0
DA:65,0
DA:68,0
DA:69,0
DA:72,0
DA:85,0
DA:86,0
DA:97,0
DA:98,0
DA:102,0
DA:103,0
DA:104,0
DA:111,0
DA:115,0
DA:121,0
DA:123,0
DA:126,0
DA:130,0
DA:131,0
DA:132,0
DA:135,0
LF:37
LH:0
BRDA:16,0,0,0
BRDA:60,1,0,0
BRDA:65,2,0,0
BRDA:65,2,1,0
BRDA:69,3,0,0
BRDA:69,3,1,0
BRDA:75,4,0,0
BRDA:75,4,1,0
BRDA:79,5,0,0
BRDA:79,5,1,0
BRDA:91,6,0,0
BRDA:91,6,1,0
BRDA:92,7,0,0
BRDA:92,7,1,0
BRDA:93,8,0,0
BRDA:93,8,1,0
BRDA:97,9,0,0
BRDA:123,10,0,0
BRDA:123,10,1,0
BRDA:130,11,0,0
BRDA:131,12,0,0
BRF:21
BRH:0
end_of_record
TN:
SF:src/routes/invites.ts
FN:12,(anonymous_0)
FN:34,(anonymous_1)
FN:42,(anonymous_2)
FN:60,(anonymous_3)
FN:77,(anonymous_4)
FNF:5
FNH:5
FNDA:4,(anonymous_0)
FNDA:1,(anonymous_1)
FNDA:2,(anonymous_2)
FNDA:2,(anonymous_3)
FNDA:1,(anonymous_4)
DA:1,1
DA:2,1
DA:3,1
DA:4,1
DA:5,1
DA:6,1
DA:7,1
DA:9,1
DA:12,1
DA:13,4
DA:20,4
DA:21,3
DA:23,1
DA:34,1
DA:35,1
DA:39,1
DA:42,1
DA:43,2
DA:49,1
DA:50,1
DA:55,1
DA:56,1
DA:60,1
DA:61,2
DA:65,2
DA:73,2
DA:77,1
DA:78,1
DA:82,1
DA:85,1
LF:30
LH:30
BRDA:20,0,0,3
BRDA:20,1,0,4
BRDA:20,1,1,3
BRDA:20,1,2,2
BRDA:26,2,0,1
BRDA:26,2,1,0
BRDA:61,3,0,1
BRDA:61,3,1,1
BRF:8
BRH:7
end_of_record
TN:
SF:src/routes/lists.ts
FN:14,(anonymous_0)
FN:33,(anonymous_1)
FN:35,(anonymous_2)
FN:35,(anonymous_3)
FN:39,(anonymous_4)
FN:60,(anonymous_5)
FN:86,(anonymous_6)
FN:100,(anonymous_7)
FNF:8
FNH:8
FNDA:2,(anonymous_0)
FNDA:2,(anonymous_1)
FNDA:2,(anonymous_2)
FNDA:1,(anonymous_3)
FNDA:3,(anonymous_4)
FNDA:2,(anonymous_5)
FNDA:2,(anonymous_6)
FNDA:4,(anonymous_7)
DA:1,1
DA:2,1
DA:3,1
DA:4,1
DA:5,1
DA:6,1
DA:7,1
DA:10,1
DA:11,1
DA:14,1
DA:15,2
DA:18,2
DA:32,2
DA:33,2
DA:35,2
DA:39,1
DA:40,3
DA:48,2
DA:49,1
DA:52,1
DA:56,1
DA:60,1
DA:61,2
DA:63,1
DA:81,1
DA:82,1
DA:86,1
DA:87,2
DA:89,1
DA:95,1
DA:96,1
DA:100,1
DA:101,4
DA:102,4
DA:104,3
DA:105,3
DA:107,2
DA:108,2
DA:111,1
LF:39
LH:39
BRDA:21,0,0,2
BRDA:21,0,1,0
BRDA:22,1,0,2
BRDA:22,1,1,0
BRDA:48,2,0,1
BRDA:48,3,0,2
BRDA:48,3,1,1
BRDA:61,4,0,1
BRDA:81,5,0,0
BRDA:87,6,0,1
BRDA:102,7,0,1
BRDA:104,8,0,3
BRDA:104,8,1,2
BRDA:105,9,0,1
BRF:14
BRH:11
end_of_record
TN:
SF:src/routes/tasks.ts
FN:14,(anonymous_9)
FN:39,(anonymous_10)
FN:76,(anonymous_11)
FN:99,(anonymous_12)
FN:126,(anonymous_13)
FN:141,(anonymous_14)
FN:164,(anonymous_15)
FN:190,(anonymous_16)
FN:214,(anonymous_17)
FNF:9
FNH:9
FNDA:3,(anonymous_9)
FNDA:4,(anonymous_10)
FNDA:2,(anonymous_11)
FNDA:3,(anonymous_12)
FNDA:3,(anonymous_13)
FNDA:2,(anonymous_14)
FNDA:2,(anonymous_15)
FNDA:3,(anonymous_16)
FNDA:3,(anonymous_17)
DA:1,1
DA:2,1
DA:3,1
DA:4,1
DA:5,1
DA:6,1
DA:7,1
DA:8,1
DA:10,1
DA:11,1
DA:14,1
DA:15,3
DA:19,3
DA:21,2
DA:35,2
DA:39,1
DA:40,4
DA:49,3
DA:51,2
DA:55,2
DA:57,2
DA:71,2
DA:72,2
DA:76,1
DA:77,2
DA:79,1
DA:94,1
DA:95,1
DA:99,1
DA:100,3
DA:101,3
DA:102,2
DA:104,2
DA:113,1
DA:121,1
DA:122,1
DA:126,1
DA:127,3
DA:128,3
DA:130,2
DA:133,2
DA:135,2
DA:136,2
DA:137,2
DA:141,1
DA:142,2
DA:144,1
DA:145,1
DA:146,1
DA:147,1
DA:149,1
DA:153,1
DA:155,1
DA:159,1
DA:160,1
DA:164,1
DA:165,2
DA:170,1
DA:171,1
DA:172,1
DA:174,1
DA:185,1
DA:186,1
DA:190,1
DA:191,3
DA:196,3
DA:197,3
DA:198,2
DA:200,1
DA:207,1
DA:208,1
DA:210,1
DA:214,1
DA:215,3
DA:216,3
DA:218,2
DA:219,2
DA:221,1
DA:223,1
DA:224,1
DA:227,1
LF:81
LH:81
BRDA:19,0,0,1
BRDA:19,1,0,3
BRDA:19,1,1,2
BRDA:24,2,0,2
BRDA:24,2,1,1
BRDA:25,3,0,2
BRDA:25,3,1,0
BRDA:26,4,0,2
BRDA:26,4,1,0
BRDA:49,5,0,1
BRDA:52,6,0,2
BRDA:52,6,1,2
BRDA:55,7,0,2
BRDA:55,7,1,1
BRDA:62,8,0,0
BRDA:62,8,1,2
BRDA:77,9,0,1
BRDA:94,10,0,0
BRDA:101,11,0,1
BRDA:102,12,0,0
BRDA:117,13,0,1
BRDA:117,13,1,0
BRDA:117,14,0,0
BRDA:117,14,1,0
BRDA:128,15,0,1
BRDA:130,16,0,2
BRDA:130,16,1,1
BRDA:130,16,2,0
BRDA:133,17,0,0
BRDA:145,18,0,0
BRDA:146,19,0,0
BRDA:147,20,0,0
BRDA:153,21,0,1
BRDA:153,21,1,0
BRDA:171,22,0,0
BRDA:172,23,0,0
BRDA:197,24,0,1
BRDA:198,25,0,1
BRDA:207,26,0,1
BRDA:216,27,0,1
BRDA:218,28,0,2
BRDA:218,28,1,1
BRDA:219,29,0,1
BRF:43
BRH:27
end_of_record
TN:
SF:src/routes/teams.ts
FN:15,sanitizeTeam
FN:23,(anonymous_1)
FN:37,(anonymous_2)
FN:53,(anonymous_3)
FN:65,(anonymous_4)
FN:72,(anonymous_5)
FN:90,(anonymous_6)
FN:98,(anonymous_7)
FN:120,(anonymous_8)
FN:134,(anonymous_9)
FN:148,(anonymous_10)
FN:158,(anonymous_11)
FN:166,(anonymous_12)
FN:177,(anonymous_13)
FN:187,(anonymous_14)
FN:207,(anonymous_15)
FNF:16
FNH:0
FNDA:0,sanitizeTeam
FNDA:0,(anonymous_1)
FNDA:0,(anonymous_2)
FNDA:0,(anonymous_3)
FNDA:0,(anonymous_4)
FNDA:0,(anonymous_5)
FNDA:0,(anonymous_6)
FNDA:0,(anonymous_7)
FNDA:0,(anonymous_8)
FNDA:0,(anonymous_9)
FNDA:0,(anonymous_10)
FNDA:0,(anonymous_11)
FNDA:0,(anonymous_12)
FNDA:0,(anonymous_13)
FNDA:0,(anonymous_14)
FNDA:0,(anonymous_15)
DA:1,0
DA:2,0
DA:3,0
DA:4,0
DA:5,0
DA:6,0
DA:7,0
DA:9,0
DA:10,0
DA:18,0
DA:19,0
DA:23,0
DA:24,0
DA:28,0
DA:33,0
DA:37,0
DA:38,0
DA:43,0
DA:49,0
DA:53,0
DA:54,0
DA:63,0
DA:65,0
DA:66,0
DA:68,0
DA:72,0
DA:73,0
DA:76,0
DA:78,0
DA:80,0
DA:85,0
DA:86,0
DA:90,0
DA:91,0
DA:92,0
DA:98,0
DA:99,0
DA:102,0
DA:104,0
DA:106,0
DA:111,0
DA:116,0
DA:120,0
DA:121,0
DA:124,0
DA:126,0
DA:130,0
DA:134,0
DA:135,0
DA:140,0
DA:144,0
DA:148,0
DA:149,0
DA:150,0
DA:154,0
DA:158,0
DA:159,0
DA:162,0
DA:166,0
DA:167,0
DA:170,0
DA:172,0
DA:173,0
DA:177,0
DA:178,0
DA:179,0
DA:182,0
DA:187,0
DA:188,0
DA:191,0
DA:193,0
DA:195,0
DA:199,0
DA:203,0
DA:207,0
DA:208,0
DA:209,0
DA:212,0
LF:78
LH:0
BRDA:24,0,0,0
BRDA:24,0,1,0
BRDA:63,1,0,0
BRDA:66,2,0,0
BRDA:66,3,0,0
BRDA:66,3,1,0
BRDA:76,4,0,0
BRDA:76,4,1,0
BRDA:76,4,2,0
BRDA:78,5,0,0
BRDA:102,6,0,0
BRDA:102,6,1,0
BRDA:102,6,2,0
BRDA:104,7,0,0
BRDA:124,8,0,0
BRDA:124,9,0,0
BRDA:124,9,1,0
BRDA:170,10,0,0
BRDA:170,11,0,0
BRDA:170,11,1,0
BRDA:191,12,0,0
BRDA:191,12,1,0
BRDA:191,12,2,0
BRDA:193,13,0,0
BRF:24
BRH:0
end_of_record
TN:
SF:src/routes/testruns.ts
FN:12,authOrLocalSecret
FN:32,assertTeamAccess
FN:45,(anonymous_2)
FN:76,(anonymous_3)
FN:93,(anonymous_4)
FN:122,(anonymous_5)
FN:130,(anonymous_6)
FN:150,serializeRun
FNF:8
FNH:7
FNDA:14,authOrLocalSecret
FNDA:7,assertTeamAccess
FNDA:3,(anonymous_2)
FNDA:2,(anonymous_3)
FNDA:4,(anonymous_4)
FNDA:0,(anonymous_5)
FNDA:4,(anonymous_6)
FNDA:5,serializeRun
DA:1,1
DA:2,1
DA:3,1
DA:4,1
DA:5,1
DA:6,1
DA:8,1
DA:13,14
DA:14,14
DA:20,0
DA:21,0
DA:22,0
DA:24,14
DA:27,1
DA:33,7
DA:37,7
DA:38,7
DA:45,1
DA:46,3
DA:49,3
DA:51,2
DA:53,1
DA:54,1
DA:56,1
DA:70,1
DA:71,1
DA:76,1
DA:77,2
DA:84,2
DA:86,1
DA:88,1
DA:93,1
DA:94,4
DA:100,4
DA:101,2
DA:104,1
DA:105,1
DA:108,1
DA:109,1
DA:111,1
DA:122,1
DA:123,0
DA:126,1
DA:130,1
DA:131,4
DA:132,4
DA:134,3
DA:136,3
DA:137,1
DA:140,2
DA:145,2
DA:151,5
DA:158,1
LF:53
LH:49
BRDA:14,0,0,0
BRDA:15,1,0,14
BRDA:15,1,1,0
BRDA:15,1,2,0
BRDA:37,2,0,0
BRDA:38,3,0,1
BRDA:46,4,0,0
BRDA:46,4,1,3
BRDA:49,5,0,1
BRDA:53,6,0,1
BRDA:53,6,1,1
BRDA:54,7,0,1
BRDA:54,7,1,1
BRDA:84,8,0,1
BRDA:100,9,0,2
BRDA:101,10,0,1
BRDA:104,11,0,1
BRDA:109,12,0,0
BRDA:116,13,0,1
BRDA:116,13,1,0
BRDA:117,14,0,1
BRDA:117,14,1,0
BRDA:118,15,0,1
BRDA:118,15,1,1
BRDA:132,16,0,1
BRDA:136,17,0,1
BRDA:136,18,0,3
BRDA:136,18,1,2
BRDA:154,19,0,0
BRDA:154,19,1,5
BRF:30
BRH:21
end_of_record
TN:
SF:src/routes/users.ts
FN:13,(anonymous_0)
FN:23,(anonymous_1)
FN:36,(anonymous_2)
FN:55,(anonymous_3)
FNF:4
FNH:4
FNDA:2,(anonymous_0)
FNDA:2,(anonymous_1)
FNDA:4,(anonymous_2)
FNDA:2,(anonymous_3)
DA:1,1
DA:2,1
DA:3,1
DA:4,1
DA:5,1
DA:6,1
DA:7,1
DA:9,1
DA:10,1
DA:13,1
DA:14,2
DA:19,2
DA:23,1
DA:24,2
DA:31,2
DA:32,1
DA:36,1
DA:37,4
DA:38,4
DA:39,4
DA:41,3
DA:46,2
DA:51,2
DA:55,1
DA:56,2
DA:57,1
DA:58,1
DA:61,1
LF:28
LH:28
BRDA:31,0,0,1
BRDA:39,1,0,1
BRDA:39,2,0,4
BRDA:39,2,1,2
BRDA:56,3,0,1
BRF:5
BRH:5
end_of_record
TN:
SF:src/routes/webhooks.ts
FN:17,verifySignature
FN:39,(anonymous_2)
FN:62,(anonymous_3)
FN:67,handleWebhookEvent
FN:136,(anonymous_5)
FNF:5
FNH:0
FNDA:0,verifySignature
FNDA:0,(anonymous_2)
FNDA:0,(anonymous_3)
FNDA:0,handleWebhookEvent
FNDA:0,(anonymous_5)
DA:1,0
DA:2,0
DA:3,0
DA:4,0
DA:5,0
DA:6,0
DA:7,0
DA:8,0
DA:11,0
DA:15,0
DA:18,0
DA:20,0
DA:21,0
DA:23,0
DA:25,0
DA:31,0
DA:32,0
DA:34,0
DA:39,0
DA:40,0
DA:41,0
DA:42,0
DA:43,0
DA:45,0
DA:46,0
DA:47,0
DA:51,0
DA:52,0
DA:54,0
DA:55,0
DA:59,0
DA:62,0
DA:63,0
DA:68,0
DA:70,0
DA:71,0
DA:72,0
DA:75,0
DA:79,0
DA:81,0
DA:89,0
DA:90,0
DA:91,0
DA:92,0
DA:95,0
DA:96,0
DA:97,0
DA:99,0
DA:100,0
DA:101,0
DA:102,0
DA:103,0
DA:106,0
DA:107,0
DA:119,0
DA:122,0
DA:123,0
DA:136,0
DA:137,0
DA:142,0
LF:60
LH:0
BRDA:18,0,0,0
BRDA:23,1,0,0
BRDA:45,2,0,0
BRDA:62,3,0,0
BRDA:62,3,1,0
BRDA:68,4,0,0
BRDA:68,5,0,0
BRDA:68,5,1,0
BRDA:72,6,0,0
BRDA:72,7,0,0
BRDA:72,7,1,0
BRDA:79,8,0,0
BRDA:81,9,0,0
BRDA:81,9,1,0
BRDA:89,10,0,0
BRDA:89,10,1,0
BRDA:95,11,0,0
BRDA:99,12,0,0
BRF:18
BRH:0
end_of_record
TN:
SF:src/services/accessControl.ts
FN:6,hasHigherOrEqualRole
FN:10,canUserAccessList
FN:78,canUserWriteList
FN:99,canUserAccessTask
FN:105,canUserAccessDoc
FN:126,canUserWriteDoc
FNF:6
FNH:6
FNDA:21,hasHigherOrEqualRole
FNDA:37,canUserAccessList
FNDA:20,canUserWriteList
FNDA:7,canUserAccessTask
FNDA:13,canUserAccessDoc
FNDA:8,canUserWriteDoc
DA:1,4
DA:2,4
DA:4,4
DA:7,21
DA:10,4
DA:11,37
DA:15,37
DA:17,35
DA:18,35
DA:21,33
DA:24,31
DA:27,23
DA:28,3
DA:32,20
DA:33,2
DA:37,18
DA:38,7
DA:41,7
DA:43,5
DA:44,4
DA:46,2
DA:50,11
DA:51,11
DA:52,9
DA:53,2
DA:56,2
DA:60,8
DA:62,2
DA:63,2
DA:64,2
DA:67,2
DA:68,1
DA:72,7
DA:75,0
DA:78,4
DA:79,20
DA:80,20
DA:82,19
DA:83,19
DA:85,18
DA:86,16
DA:89,7
DA:90,4
DA:93,4
DA:96,5
DA:99,4
DA:100,7
DA:101,7
DA:102,5
DA:105,4
DA:106,13
DA:107,13
DA:109,12
DA:110,12
DA:112,11
DA:113,9
DA:114,7
DA:116,5
DA:117,3
DA:120,3
DA:123,2
DA:126,4
DA:127,8
DA:128,8
DA:130,7
DA:131,7
DA:133,7
DA:134,6
DA:136,4
DA:137,4
DA:140,4
DA:143,2
LF:72
LH:71
BRDA:15,0,0,2
BRDA:18,1,0,2
BRDA:21,2,0,2
BRDA:24,3,0,8
BRDA:27,4,0,3
BRDA:27,5,0,23
BRDA:27,5,1,5
BRDA:32,6,0,2
BRDA:32,7,0,20
BRDA:32,7,1,2
BRDA:37,8,0,7
BRDA:37,9,0,18
BRDA:37,9,1,7
BRDA:41,10,0,2
BRDA:43,11,0,1
BRDA:44,12,0,2
BRDA:50,13,0,11
BRDA:51,14,0,2
BRDA:52,15,0,2
BRDA:52,16,0,9
BRDA:52,16,1,2
BRDA:56,17,0,1
BRDA:56,18,0,2
BRDA:56,18,1,2
BRDA:60,19,0,2
BRDA:67,20,0,1
BRDA:67,21,0,2
BRDA:67,21,1,1
BRDA:80,22,0,1
BRDA:83,23,0,1
BRDA:85,24,0,2
BRDA:86,25,0,9
BRDA:89,26,0,4
BRDA:89,27,0,7
BRDA:89,27,1,4
BRDA:93,28,0,2
BRDA:93,29,0,4
BRDA:93,29,1,4
BRDA:101,30,0,2
BRDA:107,31,0,1
BRDA:110,32,0,1
BRDA:112,33,0,2
BRDA:113,34,0,2
BRDA:114,35,0,2
BRDA:116,36,0,3
BRDA:116,37,0,5
BRDA:116,37,1,3
BRDA:128,38,0,1
BRDA:131,39,0,0
BRDA:133,40,0,1
BRDA:134,41,0,2
BRDA:136,42,0,4
BRDA:136,43,0,4
BRDA:136,43,1,4
BRDA:140,44,0,2
BRDA:140,45,0,4
BRDA:140,45,1,4
BRF:57
BRH:56
end_of_record
TN:
SF:src/services/aiService.ts
FN:87,executeTool
FN:173,buildContext
FN:191,(anonymous_3)
FN:192,(anonymous_4)
FN:193,(anonymous_5)
FN:198,(anonymous_6)
FN:222,(anonymous_7)
FN:224,(anonymous_8)
FN:238,refineWithStream
FNF:9
FNH:0
FNDA:0,executeTool
FNDA:0,buildContext
FNDA:0,(anonymous_3)
FNDA:0,(anonymous_4)
FNDA:0,(anonymous_5)
FNDA:0,(anonymous_6)
FNDA:0,(anonymous_7)
FNDA:0,(anonymous_8)
FNDA:0,refineWithStream
DA:1,0
DA:3,0
DA:4,0
DA:5,0
DA:7,0
DA:11,0
DA:92,0
DA:93,0
DA:95,0
DA:99,0
DA:100,0
DA:112,0
DA:116,0
DA:126,0
DA:130,0
DA:134,0
DA:135,0
DA:139,0
DA:143,0
DA:151,0
DA:155,0
DA:159,0
DA:163,0
DA:166,0
DA:167,0
DA:174,0
DA:175,0
DA:189,0
DA:191,0
DA:192,0
DA:193,0
DA:194,0
DA:197,0
DA:198,0
DA:201,0
DA:208,0
DA:220,0
DA:222,0
DA:223,0
DA:224,0
DA:227,0
DA:238,0
DA:245,0
DA:247,0
DA:252,0
DA:254,0
DA:255,0
DA:256,0
DA:259,0
DA:260,0
DA:268,0
DA:269,0
DA:271,0
DA:272,0
DA:273,0
DA:274,0
DA:275,0
DA:276,0
DA:279,0
DA:280,0
DA:281,0
DA:282,0
DA:287,0
DA:288,0
DA:290,0
DA:293,0
DA:294,0
DA:295,0
DA:297,0
DA:298,0
DA:300,0
DA:306,0
DA:310,0
DA:311,0
DA:314,0
LF:75
LH:0
BRDA:93,0,0,0
BRDA:93,0,1,0
BRDA:93,0,2,0
BRDA:93,0,3,0
BRDA:93,0,4,0
BRDA:93,0,5,0
BRDA:99,1,0,0
BRDA:99,1,1,0
BRDA:103,2,0,0
BRDA:103,2,1,0
BRDA:105,3,0,0
BRDA:105,3,1,0
BRDA:106,4,0,0
BRDA:106,4,1,0
BRDA:107,5,0,0
BRDA:107,5,1,0
BRDA:119,6,0,0
BRDA:119,6,1,0
BRDA:120,7,0,0
BRDA:120,7,1,0
BRDA:121,8,0,0
BRDA:121,8,1,0
BRDA:122,9,0,0
BRDA:122,9,1,0
BRDA:123,10,0,0
BRDA:123,10,1,0
BRDA:134,11,0,0
BRDA:134,11,1,0
BRDA:148,12,0,0
BRDA:148,12,1,0
BRDA:166,13,0,0
BRDA:166,13,1,0
BRDA:174,14,0,0
BRDA:189,15,0,0
BRDA:194,16,0,0
BRDA:194,16,1,0
BRDA:194,17,0,0
BRDA:194,17,1,0
BRDA:197,18,0,0
BRDA:197,18,1,0
BRDA:203,19,0,0
BRDA:203,19,1,0
BRDA:204,20,0,0
BRDA:204,20,1,0
BRDA:220,21,0,0
BRDA:223,22,0,0
BRDA:223,22,1,0
BRDA:228,23,0,0
BRDA:228,23,1,0
BRDA:232,24,0,0
BRDA:232,24,1,0
BRDA:233,25,0,0
BRDA:233,25,1,0
BRDA:272,26,0,0
BRDA:273,27,0,0
BRDA:279,28,0,0
BRDA:281,29,0,0
BRDA:290,30,0,0
BRDA:290,31,0,0
BRDA:290,31,1,0
BRF:60
BRH:0
end_of_record
TN:
SF:src/services/authService.ts
FN:13,signAccessToken
FN:17,createRefreshToken
FN:26,rotateRefreshToken
FN:40,revokeRefreshToken
FN:45,hashPassword
FN:49,verifyPassword
FN:54,blacklistAccessToken
FN:58,isAccessTokenBlacklisted
FNF:8
FNH:8
FNDA:11,signAccessToken
FNDA:9,createRefreshToken
FNDA:10,rotateRefreshToken
FNDA:3,revokeRefreshToken
FNDA:7,hashPassword
FNDA:8,verifyPassword
FNDA:2,blacklistAccessToken
FNDA:3,isAccessTokenBlacklisted
DA:1,3
DA:2,3
DA:3,3
DA:4,3
DA:5,3
DA:6,3
DA:9,3
DA:10,3
DA:11,3
DA:13,3
DA:14,11
DA:17,3
DA:18,9
DA:19,9
DA:20,9
DA:22,9
DA:23,9
DA:26,3
DA:27,10
DA:28,10
DA:30,10
DA:33,3
DA:35,3
DA:36,3
DA:37,3
DA:40,3
DA:41,3
DA:42,3
DA:45,3
DA:46,7
DA:49,3
DA:50,8
DA:54,3
DA:55,2
DA:58,3
DA:59,3
LF:36
LH:36
BRDA:30,0,0,7
BRDA:30,1,0,10
BRDA:30,1,1,7
BRDA:30,1,2,5
BRF:4
BRH:4
end_of_record
TN:
SF:src/services/docAiService.ts
FN:69,executeTool
FN:149,buildDocContext
FN:169,(anonymous_3)
FN:173,(anonymous_4)
FN:194,refineDocWithStream
FN:258,autoUpdateDoc
FN:283,(anonymous_7)
FNF:7
FNH:0
FNDA:0,executeTool
FNDA:0,buildDocContext
FNDA:0,(anonymous_3)
FNDA:0,(anonymous_4)
FNDA:0,refineDocWithStream
FNDA:0,autoUpdateDoc
FNDA:0,(anonymous_7)
DA:1,0
DA:3,0
DA:4,0
DA:5,0
DA:7,0
DA:11,0
DA:73,0
DA:74,0
DA:76,0
DA:77,0
DA:78,0
DA:79,0
DA:80,0
DA:84,0
DA:85,0
DA:86,0
DA:87,0
DA:88,0
DA:89,0
DA:90,0
DA:91,0
DA:92,0
DA:96,0
DA:97,0
DA:98,0
DA:99,0
DA:100,0
DA:102,0
DA:103,0
DA:104,0
DA:105,0
DA:106,0
DA:108,0
DA:109,0
DA:110,0
DA:111,0
DA:112,0
DA:113,0
DA:114,0
DA:115,0
DA:119,0
DA:120,0
DA:123,0
DA:124,0
DA:125,0
DA:126,0
DA:127,0
DA:128,0
DA:132,0
DA:135,0
DA:136,0
DA:140,0
DA:143,0
DA:154,0
DA:158,0
DA:160,0
DA:166,0
DA:168,0
DA:169,0
DA:172,0
DA:173,0
DA:176,0
DA:180,0
DA:194,0
DA:201,0
DA:203,0
DA:208,0
DA:209,0
DA:210,0
DA:211,0
DA:213,0
DA:214,0
DA:222,0
DA:224,0
DA:225,0
DA:226,0
DA:227,0
DA:229,0
DA:230,0
DA:231,0
DA:235,0
DA:236,0
DA:238,0
DA:239,0
DA:240,0
DA:241,0
DA:242,0
DA:243,0
DA:244,0
DA:247,0
DA:248,0
DA:252,0
DA:253,0
DA:258,0
DA:259,0
DA:261,0
DA:262,0
DA:263,0
DA:264,0
DA:265,0
DA:267,0
DA:268,0
DA:276,0
DA:277,0
DA:280,0
DA:282,0
DA:283,0
DA:286,0
DA:287,0
DA:288,0
DA:289,0
DA:290,0
DA:293,0
DA:294,0
DA:297,0
LF:115
LH:0
BRDA:74,0,0,0
BRDA:74,0,1,0
BRDA:74,0,2,0
BRDA:74,0,3,0
BRDA:74,0,4,0
BRDA:88,1,0,0
BRDA:100,2,0,0
BRDA:110,3,0,0
BRDA:110,3,1,0
BRDA:110,4,0,0
BRDA:110,4,1,0
BRDA:113,5,0,0
BRDA:113,6,0,0
BRDA:113,6,1,0
BRDA:113,6,2,0
BRDA:119,7,0,0
BRDA:135,8,0,0
BRDA:143,9,0,0
BRDA:143,9,1,0
BRDA:158,10,0,0
BRDA:176,11,0,0
BRDA:176,11,1,0
BRDA:187,12,0,0
BRDA:187,12,1,0
BRDA:188,13,0,0
BRDA:188,13,1,0
BRDA:225,14,0,0
BRDA:225,15,0,0
BRDA:225,15,1,0
BRDA:229,16,0,0
BRDA:231,17,0,0
BRDA:236,18,0,0
BRDA:236,19,0,0
BRDA:236,19,1,0
BRDA:277,20,0,0
BRDA:280,21,0,0
BRF:36
BRH:0
end_of_record
TN:
SF:src/services/docIndexService.ts
FN:15,parseMarkdownSections
FN:25,(anonymous_1)
FN:52,rebuildSections
FN:58,(anonymous_3)
FN:76,tokenize
FN:80,(anonymous_5)
FN:88,findRelevantSections
FN:103,(anonymous_7)
FN:114,(anonymous_8)
FN:117,(anonymous_9)
FN:121,(anonymous_10)
FNF:11
FNH:11
FNDA:19,parseMarkdownSections
FNDA:45,(anonymous_1)
FNDA:1,rebuildSections
FNDA:2,(anonymous_3)
FNDA:56,tokenize
FNDA:110,(anonymous_5)
FNDA:13,findRelevantSections
FNDA:23,(anonymous_7)
FNDA:18,(anonymous_8)
FNDA:12,(anonymous_9)
FNDA:10,(anonymous_10)
DA:1,2
DA:15,2
DA:16,19
DA:17,19
DA:18,19
DA:19,19
DA:20,19
DA:21,19
DA:23,19
DA:25,19
DA:26,45
DA:27,45
DA:28,44
DA:32,19
DA:33,64
DA:34,64
DA:35,26
DA:36,26
DA:37,26
DA:38,26
DA:40,38
DA:43,19
DA:45,19
DA:52,2
DA:53,1
DA:55,1
DA:58,2
DA:69,2
DA:77,56
DA:80,110
DA:88,2
DA:93,13
DA:98,13
DA:100,10
DA:101,10
DA:103,8
DA:104,23
DA:105,23
DA:106,23
DA:107,23
DA:108,64
DA:109,64
DA:111,23
DA:114,18
DA:116,8
DA:117,12
DA:118,2
DA:121,10
LF:48
LH:48
BRDA:27,0,0,44
BRDA:27,1,0,45
BRDA:27,1,1,15
BRDA:34,2,0,26
BRDA:34,2,1,38
BRDA:80,3,0,110
BRDA:80,3,1,106
BRDA:91,4,0,4
BRDA:98,5,0,3
BRDA:101,6,0,2
BRDA:108,7,0,8
BRDA:109,8,0,12
BRDA:117,9,0,2
BRF:13
BRH:13
end_of_record
TN:
SF:src/services/docSyncService.ts
FN:6,buildRepoSummary
FN:29,syncDoc
FN:51,(anonymous_11)
FN:54,(anonymous_12)
FN:69,(anonymous_13)
FN:79,startDocSyncPoller
FN:80,(anonymous_15)
FNF:7
FNH:0
FNDA:0,buildRepoSummary
FNDA:0,syncDoc
FNDA:0,(anonymous_11)
FNDA:0,(anonymous_12)
FNDA:0,(anonymous_13)
FNDA:0,startDocSyncPoller
FNDA:0,(anonymous_15)
DA:1,0
DA:2,0
DA:3,0
DA:4,0
DA:7,0
DA:9,0
DA:10,0
DA:11,0
DA:12,0
DA:13,0
DA:14,0
DA:16,0
DA:19,0
DA:20,0
DA:21,0
DA:22,0
DA:26,0
DA:30,0
DA:38,0
DA:40,0
DA:41,0
DA:44,0
DA:45,0
DA:50,0
DA:51,0
DA:53,0
DA:54,0
DA:57,0
DA:59,0
DA:60,0
DA:62,0
DA:67,0
DA:68,0
DA:69,0
DA:75,0
DA:79,0
DA:80,0
DA:81,0
DA:83,0
DA:84,0
DA:93,0
DA:94,0
DA:97,0
DA:102,0
DA:103,0
LF:45
LH:0
BRDA:9,0,0,0
BRDA:12,1,0,0
BRDA:12,1,1,0
BRDA:13,2,0,0
BRDA:13,2,1,0
BRDA:19,3,0,0
BRDA:38,4,0,0
BRDA:38,5,0,0
BRDA:38,5,1,0
BRDA:41,6,0,0
BRDA:41,6,1,0
BRDA:51,7,0,0
BRDA:51,7,1,0
BRDA:54,8,0,0
BRDA:54,8,1,0
BRDA:57,9,0,0
BRDA:57,10,0,0
BRDA:57,10,1,0
BRDA:67,11,0,0
BRDA:79,12,0,0
BRF:20
BRH:0
end_of_record
TN:
SF:src/services/dockerTestService.ts
FN:3,startDockerTestRun
FNF:1
FNH:0
FNDA:0,startDockerTestRun
DA:1,0
DA:3,0
DA:11,0
DA:13,0
DA:28,0
DA:29,0
LF:6
LH:0
BRDA:28,0,0,0
BRF:1
BRH:0
end_of_record
TN:
SF:src/services/githubService.ts
FN:8,makeOctokit
FN:13,tokenSuffix
FN:18,cached
FN:26,getRepo
FN:28,(anonymous_5)
FN:44,getIssues
FN:46,(anonymous_7)
FN:51,(anonymous_8)
FN:52,(anonymous_9)
FN:58,(anonymous_10)
FN:64,getPulls
FN:66,(anonymous_12)
FN:70,(anonymous_13)
FN:84,getCommitFiles
FN:86,(anonymous_15)
FN:96,getPullRequestFiles
FN:105,(anonymous_17)
FN:119,listDirectory
FN:129,(anonymous_19)
FN:136,getFileContent
FN:158,commitFiles
FN:178,(anonymous_22)
FN:205,getCommits
FN:207,(anonymous_24)
FN:211,(anonymous_25)
FNF:25
FNH:25
FNDA:16,makeOctokit
FNDA:6,tokenSuffix
FNDA:6,cached
FNDA:3,getRepo
FNDA:2,(anonymous_5)
FNDA:1,getIssues
FNDA:1,(anonymous_7)
FNDA:2,(anonymous_8)
FNDA:1,(anonymous_9)
FNDA:1,(anonymous_10)
FNDA:1,getPulls
FNDA:1,(anonymous_12)
FNDA:1,(anonymous_13)
FNDA:2,getCommitFiles
FNDA:1,(anonymous_15)
FNDA:1,getPullRequestFiles
FNDA:1,(anonymous_17)
FNDA:3,listDirectory
FNDA:2,(anonymous_19)
FNDA:4,getFileContent
FNDA:1,commitFiles
FNDA:1,(anonymous_22)
FNDA:1,getCommits
FNDA:1,(anonymous_24)
FNDA:1,(anonymous_25)
DA:1,1
DA:2,1
DA:3,1
DA:4,1
DA:6,1
DA:9,16
DA:14,6
DA:15,0
DA:19,6
DA:20,6
DA:21,5
DA:22,5
DA:23,5
DA:26,1
DA:27,3
DA:28,3
DA:29,2
DA:30,2
DA:44,1
DA:45,1
DA:46,1
DA:47,1
DA:50,1
DA:51,2
DA:52,1
DA:58,1
DA:64,1
DA:65,1
DA:66,1
DA:67,1
DA:70,1
DA:84,1
DA:85,2
DA:86,2
DA:96,1
DA:102,1
DA:105,1
DA:119,1
DA:126,3
DA:127,3
DA:128,2
DA:129,2
DA:131,1
DA:136,1
DA:144,4
DA:145,4
DA:146,3
DA:147,2
DA:148,2
DA:149,2
DA:150,1
DA:152,1
DA:158,1
DA:166,1
DA:169,1
DA:170,1
DA:173,1
DA:174,1
DA:177,1
DA:179,1
DA:185,1
DA:190,1
DA:195,1
DA:200,1
DA:202,1
DA:205,1
DA:206,1
DA:207,1
DA:208,1
DA:211,1
LF:70
LH:69
BRDA:9,0,0,16
BRDA:9,0,1,16
BRDA:9,0,2,16
BRDA:14,1,0,6
BRDA:20,2,0,1
BRDA:44,3,0,0
BRDA:58,4,0,0
BRDA:58,4,1,1
BRDA:64,5,0,0
BRDA:86,6,0,2
BRDA:86,6,1,1
BRDA:91,7,0,1
BRDA:91,7,1,0
BRDA:110,8,0,1
BRDA:110,8,1,0
BRDA:128,9,0,1
BRDA:129,10,0,1
BRDA:129,10,1,1
BRDA:142,11,0,3
BRDA:146,12,0,1
BRDA:146,13,0,3
BRDA:146,13,1,2
BRDA:147,14,0,0
BRDA:149,15,0,1
BRDA:205,16,0,0
BRF:25
BRH:18
end_of_record
TN:
SF:src/services/sseService.ts
FN:6,registerConnection
FN:15,removeConnection
FN:19,emit
FN:29,broadcast
FN:36,broadcastAll
FNF:5
FNH:5
FNDA:11,registerConnection
FNDA:25,removeConnection
FNDA:12,emit
FNDA:2,broadcast
FNDA:1,broadcastAll
DA:4,1
DA:6,1
DA:8,11
DA:9,11
DA:10,1
DA:12,11
DA:15,1
DA:16,25
DA:19,1
DA:20,12
DA:21,12
DA:22,9
DA:23,9
DA:25,1
DA:29,1
DA:30,2
DA:31,4
DA:36,1
DA:37,1
DA:38,2
LF:20
LH:20
BRDA:9,0,0,1
BRDA:21,1,0,3
BRF:2
BRH:2
end_of_record
TN:
SF:src/services/testAnalysisService.ts
FN:44,buildDiffText
FN:62,resolveToken
FN:72,analyzeTestRun
FN:128,(anonymous_4)
FN:154,(anonymous_5)
FN:155,(anonymous_6)
FN:239,(anonymous_7)
FNF:7
FNH:0
FNDA:0,buildDiffText
FNDA:0,resolveToken
FNDA:0,analyzeTestRun
FNDA:0,(anonymous_4)
FNDA:0,(anonymous_5)
FNDA:0,(anonymous_6)
FNDA:0,(anonymous_7)
DA:1,0
DA:2,0
DA:3,0
DA:4,0
DA:5,0
DA:6,0
DA:7,0
DA:9,0
DA:12,0
DA:14,0
DA:45,0
DA:47,0
DA:48,0
DA:49,0
DA:50,0
DA:53,0
DA:54,0
DA:57,0
DA:63,0
DA:67,0
DA:72,0
DA:74,0
DA:85,0
DA:86,0
DA:87,0
DA:90,0
DA:91,0
DA:92,0
DA:95,0
DA:101,0
DA:102,0
DA:103,0
DA:105,0
DA:106,0
DA:107,0
DA:108,0
DA:109,0
DA:112,0
DA:114,0
DA:115,0
DA:116,0
DA:120,0
DA:128,0
DA:131,0
DA:136,0
DA:138,0
DA:139,0
DA:153,0
DA:154,0
DA:155,0
DA:159,0
DA:160,0
DA:161,0
DA:164,0
DA:165,0
DA:166,0
DA:170,0
DA:178,0
DA:183,0
DA:184,0
DA:198,0
DA:199,0
DA:200,0
DA:202,0
DA:203,0
DA:208,0
DA:215,0
DA:218,0
DA:225,0
DA:230,0
DA:231,0
DA:232,0
DA:240,0
DA:243,0
DA:244,0
LF:75
LH:0
BRDA:49,0,0,0
BRDA:49,0,1,0
BRDA:54,1,0,0
BRDA:67,2,0,0
BRDA:67,2,1,0
BRDA:67,2,2,0
BRDA:85,3,0,0
BRDA:106,4,0,0
BRDA:106,4,1,0
BRDA:106,5,0,0
BRDA:106,5,1,0
BRDA:108,6,0,0
BRDA:114,7,0,0
BRDA:114,7,1,0
BRDA:122,8,0,0
BRDA:122,8,1,0
BRDA:123,9,0,0
BRDA:123,9,1,0
BRDA:124,10,0,0
BRDA:124,10,1,0
BRDA:126,11,0,0
BRDA:126,11,1,0
BRDA:160,12,0,0
BRDA:164,13,0,0
BRDA:164,13,1,0
BRDA:198,14,0,0
BRDA:202,15,0,0
BRDA:212,16,0,0
BRDA:212,16,1,0
BRDA:225,17,0,0
BRDA:225,17,1,0
BRDA:230,18,0,0
BRDA:230,18,1,0
BRDA:237,19,0,0
BRDA:237,19,1,0
BRF:35
BRH:0
end_of_record
TN:
SF:src/services/testWriterService.ts
FN:86,executeTool
FN:101,(anonymous_2)
FN:124,(anonymous_3)
FN:143,writeTests
FN:177,(anonymous_5)
FN:202,(anonymous_6)
FN:204,(anonymous_7)
FN:210,(anonymous_8)
FN:237,(anonymous_9)
FN:241,(anonymous_10)
FN:260,(anonymous_11)
FNF:11
FNH:0
FNDA:0,executeTool
FNDA:0,(anonymous_2)
FNDA:0,(anonymous_3)
FNDA:0,writeTests
FNDA:0,(anonymous_5)
FNDA:0,(anonymous_6)
FNDA:0,(anonymous_7)
FNDA:0,(anonymous_8)
FNDA:0,(anonymous_9)
FNDA:0,(anonymous_10)
FNDA:0,(anonymous_11)
DA:1,0
DA:2,0
DA:3,0
DA:4,0
DA:5,0
DA:7,0
DA:10,0
DA:11,0
DA:12,0
DA:14,0
DA:16,0
DA:39,0
DA:96,0
DA:98,0
DA:99,0
DA:100,0
DA:101,0
DA:102,0
DA:106,0
DA:107,0
DA:108,0
DA:110,0
DA:111,0
DA:112,0
DA:113,0
DA:117,0
DA:118,0
DA:119,0
DA:120,0
DA:121,0
DA:124,0
DA:125,0
DA:126,0
DA:127,0
DA:131,0
DA:143,0
DA:148,0
DA:156,0
DA:158,0
DA:159,0
DA:160,0
DA:161,0
DA:164,0
DA:165,0
DA:169,0
DA:177,0
DA:180,0
DA:181,0
DA:182,0
DA:183,0
DA:185,0
DA:186,0
DA:201,0
DA:202,0
DA:204,0
DA:207,0
DA:209,0
DA:210,0
DA:212,0
DA:215,0
DA:216,0
DA:217,0
DA:223,0
DA:227,0
DA:228,0
DA:233,0
DA:234,0
DA:236,0
DA:237,0
DA:239,0
DA:241,0
DA:246,0
DA:250,0
DA:251,0
DA:252,0
DA:254,0
DA:255,0
DA:256,0
DA:260,0
DA:261,0
DA:262,0
DA:270,0
DA:273,0
LF:83
LH:0
BRDA:96,0,0,0
BRDA:96,0,1,0
BRDA:96,0,2,0
BRDA:96,0,3,0
BRDA:98,1,0,0
BRDA:98,1,1,0
BRDA:100,2,0,0
BRDA:101,3,0,0
BRDA:101,3,1,0
BRDA:107,4,0,0
BRDA:111,5,0,0
BRDA:120,6,0,0
BRDA:125,7,0,0
BRDA:156,8,0,0
BRDA:160,9,0,0
BRDA:160,9,1,0
BRDA:161,10,0,0
BRDA:161,10,1,0
BRDA:161,10,2,0
BRDA:172,11,0,0
BRDA:172,11,1,0
BRDA:173,12,0,0
BRDA:173,12,1,0
BRDA:176,13,0,0
BRDA:176,13,1,0
BRDA:204,14,0,0
BRDA:207,15,0,0
BRDA:212,16,0,0
BRDA:233,17,0,0
BRDA:233,17,1,0
BRDA:233,18,0,0
BRDA:233,18,1,0
BRDA:236,19,0,0
BRDA:236,19,1,0
BRDA:250,20,0,0
BRDA:250,20,1,0
BRDA:254,21,0,0
BRDA:254,22,0,0
BRDA:254,22,1,0
BRF:39
BRH:0
end_of_record
